This is pdfTeX, Version 3.141592653-2.6-1.40.25 (TeX Live 2023) (preloaded format=pdflatex 2024.3.7)  15 SEP 2024 20:26
entering extended mode
 restricted \write18 enabled.
 file:line:error style messages enabled.
 %&-line parsing enabled.
**/Users/davide/Desktop/Code/master_thesis/main.tex
(/Users/davide/Desktop/Code/master_thesis/main.tex
LaTeX2e <2022-11-01> patch level 1
L3 programming layer <2023-02-22> (/usr/local/texlive/2023/texmf-dist/tex/latex/base/report.cls
Document Class: report 2022/07/02 v1.4n Standard LaTeX document class
(/usr/local/texlive/2023/texmf-dist/tex/latex/base/size12.clo
File: size12.clo 2022/07/02 v1.4n Standard LaTeX file (size option)
)
\c@part=\count185
\c@chapter=\count186
\c@section=\count187
\c@subsection=\count188
\c@subsubsection=\count189
\c@paragraph=\count190
\c@subparagraph=\count191
\c@figure=\count192
\c@table=\count193
\abovecaptionskip=\skip48
\belowcaptionskip=\skip49
\bibindent=\dimen140
) (./usepackages.tex (/usr/local/texlive/2023/texmf-dist/tex/latex/base/inputenc.sty
Package: inputenc 2021/02/14 v1.3d Input encoding file
\inpenc@prehook=\toks16
\inpenc@posthook=\toks17
) (/usr/local/texlive/2023/texmf-dist/tex/latex/graphics/graphicx.sty
Package: graphicx 2021/09/16 v1.2d Enhanced LaTeX Graphics (DPC,SPQR)
 (/usr/local/texlive/2023/texmf-dist/tex/latex/graphics/keyval.sty
Package: keyval 2022/05/29 v1.15 key=value parser (DPC)
\KV@toks@=\toks18
) (/usr/local/texlive/2023/texmf-dist/tex/latex/graphics/graphics.sty
Package: graphics 2022/03/10 v1.4e Standard LaTeX Graphics (DPC,SPQR)
 (/usr/local/texlive/2023/texmf-dist/tex/latex/graphics/trig.sty
Package: trig 2021/08/11 v1.11 sin cos tan (DPC)
) (/usr/local/texlive/2023/texmf-dist/tex/latex/graphics-cfg/graphics.cfg
File: graphics.cfg 2016/06/04 v1.11 sample graphics configuration
)
Package graphics Info: Driver file: pdftex.def on input line 107.
 (/usr/local/texlive/2023/texmf-dist/tex/latex/graphics-def/pdftex.def
File: pdftex.def 2022/09/22 v1.2b Graphics/color driver for pdftex
))
\Gin@req@height=\dimen141
\Gin@req@width=\dimen142
) (/usr/local/texlive/2023/texmf-dist/tex/latex/amsfonts/amssymb.sty
Package: amssymb 2013/01/14 v3.01 AMS font symbols
 (/usr/local/texlive/2023/texmf-dist/tex/latex/amsfonts/amsfonts.sty
Package: amsfonts 2013/01/14 v3.01 Basic AMSFonts support
\@emptytoks=\toks19
\symAMSa=\mathgroup4
\symAMSb=\mathgroup5
LaTeX Font Info:    Redeclaring math symbol \hbar on input line 98.
LaTeX Font Info:    Overwriting math alphabet `\mathfrak' in version `bold'
(Font)                  U/euf/m/n --> U/euf/b/n on input line 106.
)) (/usr/local/texlive/2023/texmf-dist/tex/latex/amsmath/amsmath.sty
Package: amsmath 2022/04/08 v2.17n AMS math features
\@mathmargin=\skip50

For additional information on amsmath, use the `?' option.
(/usr/local/texlive/2023/texmf-dist/tex/latex/amsmath/amstext.sty
Package: amstext 2021/08/26 v2.01 AMS text
 (/usr/local/texlive/2023/texmf-dist/tex/latex/amsmath/amsgen.sty
File: amsgen.sty 1999/11/30 v2.0 generic functions
\@emptytoks=\toks20
\ex@=\dimen143
)) (/usr/local/texlive/2023/texmf-dist/tex/latex/amsmath/amsbsy.sty
Package: amsbsy 1999/11/29 v1.2d Bold Symbols
\pmbraise@=\dimen144
) (/usr/local/texlive/2023/texmf-dist/tex/latex/amsmath/amsopn.sty
Package: amsopn 2022/04/08 v2.04 operator names
)
\inf@bad=\count194
LaTeX Info: Redefining \frac on input line 234.
\uproot@=\count195
\leftroot@=\count196
LaTeX Info: Redefining \overline on input line 399.
LaTeX Info: Redefining \colon on input line 410.
\classnum@=\count197
\DOTSCASE@=\count198
LaTeX Info: Redefining \ldots on input line 496.
LaTeX Info: Redefining \dots on input line 499.
LaTeX Info: Redefining \cdots on input line 620.
\Mathstrutbox@=\box51
\strutbox@=\box52
LaTeX Info: Redefining \big on input line 722.
LaTeX Info: Redefining \Big on input line 723.
LaTeX Info: Redefining \bigg on input line 724.
LaTeX Info: Redefining \Bigg on input line 725.
\big@size=\dimen145
LaTeX Font Info:    Redeclaring font encoding OML on input line 743.
LaTeX Font Info:    Redeclaring font encoding OMS on input line 744.
\macc@depth=\count199
LaTeX Info: Redefining \bmod on input line 905.
LaTeX Info: Redefining \pmod on input line 910.
LaTeX Info: Redefining \smash on input line 940.
LaTeX Info: Redefining \relbar on input line 970.
LaTeX Info: Redefining \Relbar on input line 971.
\c@MaxMatrixCols=\count266
\dotsspace@=\muskip16
\c@parentequation=\count267
\dspbrk@lvl=\count268
\tag@help=\toks21
\row@=\count269
\column@=\count270
\maxfields@=\count271
\andhelp@=\toks22
\eqnshift@=\dimen146
\alignsep@=\dimen147
\tagshift@=\dimen148
\tagwidth@=\dimen149
\totwidth@=\dimen150
\lineht@=\dimen151
\@envbody=\toks23
\multlinegap=\skip51
\multlinetaggap=\skip52
\mathdisplay@stack=\toks24
LaTeX Info: Redefining \[ on input line 2953.
LaTeX Info: Redefining \] on input line 2954.
) (/usr/local/texlive/2023/texmf-dist/tex/latex/cancel/cancel.sty
Package: cancel 2013/04/12 v2.2 Cancel math terms
) (/usr/local/texlive/2023/texmf-dist/tex/latex/bbold/bbold.sty
Package: bbold 1994/04/06 Bbold symbol package
LaTeX Font Info:    Redeclaring math alphabet \mathbb on input line 42.
) (/usr/local/texlive/2023/texmf-dist/tex/latex/csquotes/csquotes.sty
Package: csquotes 2022-09-14 v5.2n context-sensitive quotations (JAW)
 (/usr/local/texlive/2023/texmf-dist/tex/latex/etoolbox/etoolbox.sty
Package: etoolbox 2020/10/05 v2.5k e-TeX tools for LaTeX (JAW)
\etb@tempcnta=\count272
)
\csq@reset=\count273
\csq@gtype=\count274
\csq@glevel=\count275
\csq@qlevel=\count276
\csq@maxlvl=\count277
\csq@tshold=\count278
\csq@ltx@everypar=\toks25
 (/usr/local/texlive/2023/texmf-dist/tex/latex/csquotes/csquotes.def
File: csquotes.def 2022-09-14 v5.2n csquotes generic definitions (JAW)
)
Package csquotes Info: Trying to load configuration file 'csquotes.cfg'...
Package csquotes Info: ... configuration file loaded successfully.
 (/usr/local/texlive/2023/texmf-dist/tex/latex/csquotes/csquotes.cfg
File: csquotes.cfg 
)) (/usr/local/texlive/2023/texmf-dist/tex/latex/biblatex/biblatex.sty
Package: biblatex 2023/03/05 v3.19 programmable bibliographies (PK/MW)
 (/usr/local/texlive/2023/texmf-dist/tex/generic/pdftexcmds/pdftexcmds.sty
Package: pdftexcmds 2020-06-27 v0.33 Utility functions of pdfTeX for LuaTeX (HO)
 (/usr/local/texlive/2023/texmf-dist/tex/generic/infwarerr/infwarerr.sty
Package: infwarerr 2019/12/03 v1.5 Providing info/warning/error messages (HO)
) (/usr/local/texlive/2023/texmf-dist/tex/generic/iftex/iftex.sty
Package: iftex 2022/02/03 v1.0f TeX engine tests
) (/usr/local/texlive/2023/texmf-dist/tex/generic/ltxcmds/ltxcmds.sty
Package: ltxcmds 2020-05-10 v1.25 LaTeX kernel commands for general use (HO)
)
Package pdftexcmds Info: \pdf@primitive is available.
Package pdftexcmds Info: \pdf@ifprimitive is available.
Package pdftexcmds Info: \pdfdraftmode found.
) (/usr/local/texlive/2023/texmf-dist/tex/latex/kvoptions/kvoptions.sty
Package: kvoptions 2022-06-15 v3.15 Key value format for package options (HO)
 (/usr/local/texlive/2023/texmf-dist/tex/latex/kvsetkeys/kvsetkeys.sty
Package: kvsetkeys 2022-10-05 v1.19 Key value parser (HO)
)) (/usr/local/texlive/2023/texmf-dist/tex/latex/logreq/logreq.sty
Package: logreq 2010/08/04 v1.0 xml request logger
\lrq@indent=\count279
 (/usr/local/texlive/2023/texmf-dist/tex/latex/logreq/logreq.def
File: logreq.def 2010/08/04 v1.0 logreq spec v1.0
)) (/usr/local/texlive/2023/texmf-dist/tex/latex/base/ifthen.sty
Package: ifthen 2022/04/13 v1.1d Standard LaTeX ifthen package (DPC)
) (/usr/local/texlive/2023/texmf-dist/tex/latex/url/url.sty
\Urlmuskip=\muskip17
Package: url 2013/09/16  ver 3.4  Verb mode for urls, etc.
)
\c@tabx@nest=\count280
\c@listtotal=\count281
\c@listcount=\count282
\c@liststart=\count283
\c@liststop=\count284
\c@citecount=\count285
\c@citetotal=\count286
\c@multicitecount=\count287
\c@multicitetotal=\count288
\c@instcount=\count289
\c@maxnames=\count290
\c@minnames=\count291
\c@maxitems=\count292
\c@minitems=\count293
\c@citecounter=\count294
\c@maxcitecounter=\count295
\c@savedcitecounter=\count296
\c@uniquelist=\count297
\c@uniquename=\count298
\c@refsection=\count299
\c@refsegment=\count300
\c@maxextratitle=\count301
\c@maxextratitleyear=\count302
\c@maxextraname=\count303
\c@maxextradate=\count304
\c@maxextraalpha=\count305
\c@abbrvpenalty=\count306
\c@highnamepenalty=\count307
\c@lownamepenalty=\count308
\c@maxparens=\count309
\c@parenlevel=\count310
\blx@tempcnta=\count311
\blx@tempcntb=\count312
\blx@tempcntc=\count313
\c@blx@maxsection=\count314
\blx@maxsegment@0=\count315
\blx@notetype=\count316
\blx@parenlevel@text=\count317
\blx@parenlevel@foot=\count318
\blx@sectionciteorder@0=\count319
\blx@sectionciteorderinternal@0=\count320
\blx@entrysetcounter=\count321
\blx@biblioinstance=\count322
\labelnumberwidth=\skip53
\labelalphawidth=\skip54
\biblabelsep=\skip55
\bibitemsep=\skip56
\bibnamesep=\skip57
\bibinitsep=\skip58
\bibparsep=\skip59
\bibhang=\skip60
\blx@bcfin=\read2
\blx@bcfout=\write3
\blx@langwohyphens=\language87
\c@mincomprange=\count323
\c@maxcomprange=\count324
\c@mincompwidth=\count325
Package biblatex Info: Trying to load biblatex default data model...
Package biblatex Info: ... file 'blx-dm.def' found.
 (/usr/local/texlive/2023/texmf-dist/tex/latex/biblatex/blx-dm.def
File: blx-dm.def 2023/03/05 v3.19 biblatex localization (PK/MW)
)
Package biblatex Info: Trying to load biblatex custom data model...
Package biblatex Info: ... file 'biblatex-dm.cfg' not found.
\c@afterword=\count326
\c@savedafterword=\count327
\c@annotator=\count328
\c@savedannotator=\count329
\c@author=\count330
\c@savedauthor=\count331
\c@bookauthor=\count332
\c@savedbookauthor=\count333
\c@commentator=\count334
\c@savedcommentator=\count335
\c@editor=\count336
\c@savededitor=\count337
\c@editora=\count338
\c@savededitora=\count339
\c@editorb=\count340
\c@savededitorb=\count341
\c@editorc=\count342
\c@savededitorc=\count343
\c@foreword=\count344
\c@savedforeword=\count345
\c@holder=\count346
\c@savedholder=\count347
\c@introduction=\count348
\c@savedintroduction=\count349
\c@namea=\count350
\c@savednamea=\count351
\c@nameb=\count352
\c@savednameb=\count353
\c@namec=\count354
\c@savednamec=\count355
\c@translator=\count356
\c@savedtranslator=\count357
\c@shortauthor=\count358
\c@savedshortauthor=\count359
\c@shorteditor=\count360
\c@savedshorteditor=\count361
\c@labelname=\count362
\c@savedlabelname=\count363
\c@institution=\count364
\c@savedinstitution=\count365
\c@lista=\count366
\c@savedlista=\count367
\c@listb=\count368
\c@savedlistb=\count369
\c@listc=\count370
\c@savedlistc=\count371
\c@listd=\count372
\c@savedlistd=\count373
\c@liste=\count374
\c@savedliste=\count375
\c@listf=\count376
\c@savedlistf=\count377
\c@location=\count378
\c@savedlocation=\count379
\c@organization=\count380
\c@savedorganization=\count381
\c@origlocation=\count382
\c@savedoriglocation=\count383
\c@origpublisher=\count384
\c@savedorigpublisher=\count385
\c@publisher=\count386
\c@savedpublisher=\count387
\c@language=\count388
\c@savedlanguage=\count389
\c@origlanguage=\count390
\c@savedoriglanguage=\count391
\c@pageref=\count392
\c@savedpageref=\count393
\shorthandwidth=\skip61
\shortjournalwidth=\skip62
\shortserieswidth=\skip63
\shorttitlewidth=\skip64
\shortauthorwidth=\skip65
\shorteditorwidth=\skip66
\locallabelnumberwidth=\skip67
\locallabelalphawidth=\skip68
\localshorthandwidth=\skip69
\localshortjournalwidth=\skip70
\localshortserieswidth=\skip71
\localshorttitlewidth=\skip72
\localshortauthorwidth=\skip73
\localshorteditorwidth=\skip74
Package biblatex Info: Trying to load compatibility code...
Package biblatex Info: ... file 'blx-compat.def' found.
 (/usr/local/texlive/2023/texmf-dist/tex/latex/biblatex/blx-compat.def
File: blx-compat.def 2023/03/05 v3.19 biblatex compatibility (PK/MW)
)
Package biblatex Info: Trying to load generic definitions...
Package biblatex Info: ... file 'biblatex.def' found.
 (/usr/local/texlive/2023/texmf-dist/tex/latex/biblatex/biblatex.def
File: biblatex.def 2023/03/05 v3.19 biblatex compatibility (PK/MW)
\c@textcitecount=\count394
\c@textcitetotal=\count395
\c@textcitemaxnames=\count396
\c@biburlbigbreakpenalty=\count397
\c@biburlbreakpenalty=\count398
\c@biburlnumpenalty=\count399
\c@biburlucpenalty=\count400
\c@biburllcpenalty=\count401
\biburlbigskip=\muskip18
\biburlnumskip=\muskip19
\biburlucskip=\muskip20
\biburllcskip=\muskip21
\c@smartand=\count402
)
Package biblatex Info: Trying to load bibliography style 'numeric'...
Package biblatex Info: ... file 'numeric.bbx' found.
 (/usr/local/texlive/2023/texmf-dist/tex/latex/biblatex/bbx/numeric.bbx
File: numeric.bbx 2023/03/05 v3.19 biblatex bibliography style (PK/MW)
Package biblatex Info: Trying to load bibliography style 'standard'...
Package biblatex Info: ... file 'standard.bbx' found.
 (/usr/local/texlive/2023/texmf-dist/tex/latex/biblatex/bbx/standard.bbx
File: standard.bbx 2023/03/05 v3.19 biblatex bibliography style (PK/MW)
\c@bbx:relatedcount=\count403
\c@bbx:relatedtotal=\count404
))
Package biblatex Info: Trying to load citation style 'numeric'...
Package biblatex Info: ... file 'numeric.cbx' found.
 (/usr/local/texlive/2023/texmf-dist/tex/latex/biblatex/cbx/numeric.cbx
File: numeric.cbx 2023/03/05 v3.19 biblatex citation style (PK/MW)
Package biblatex Info: Redefining '\cite'.
Package biblatex Info: Redefining '\parencite'.
Package biblatex Info: Redefining '\footcite'.
Package biblatex Info: Redefining '\footcitetext'.
Package biblatex Info: Redefining '\smartcite'.
Package biblatex Info: Redefining '\supercite'.
Package biblatex Info: Redefining '\textcite'.
Package biblatex Info: Redefining '\textcites'.
Package biblatex Info: Redefining '\cites'.
Package biblatex Info: Redefining '\parencites'.
Package biblatex Info: Redefining '\smartcites'.
)
Package biblatex Info: Trying to load configuration file...
Package biblatex Info: ... file 'biblatex.cfg' found.
 (/usr/local/texlive/2023/texmf-dist/tex/latex/biblatex/biblatex.cfg
File: biblatex.cfg 
)
Package biblatex Info: Input encoding 'utf8' detected.
Package biblatex Info: Document encoding is UTF8 ....
 (/usr/local/texlive/2023/texmf-dist/tex/latex/l3kernel/expl3.sty
Package: expl3 2023-02-22 L3 programming layer (loader) 
 (/usr/local/texlive/2023/texmf-dist/tex/latex/l3backend/l3backend-pdftex.def
File: l3backend-pdftex.def 2023-01-16 L3 backend support: PDF output (pdfTeX)
\l__color_backend_stack_int=\count405
\l__pdf_internal_box=\box53
))
Package biblatex Info: ... and expl3
(biblatex)             2023-02-22 L3 programming layer (loader) 
(biblatex)             is new enough (at least 2020/04/06),
(biblatex)             setting 'casechanger=expl3'.
 (/usr/local/texlive/2023/texmf-dist/tex/latex/biblatex/blx-case-expl3.sty (/usr/local/texlive/2023/texmf-dist/tex/latex/l3packages/xparse/xparse.sty
Package: xparse 2023-02-02 L3 Experimental document command parser
)
Package: blx-case-expl3 2023/03/05 v3.19 expl3 case changing code for biblatex
)) (/usr/local/texlive/2023/texmf-dist/tex/latex/mathtools/mathtools.sty
Package: mathtools 2022/06/29 v1.29 mathematical typesetting tools
 (/usr/local/texlive/2023/texmf-dist/tex/latex/tools/calc.sty
Package: calc 2017/05/25 v4.3 Infix arithmetic (KKT,FJ)
\calc@Acount=\count406
\calc@Bcount=\count407
\calc@Adimen=\dimen152
\calc@Bdimen=\dimen153
\calc@Askip=\skip75
\calc@Bskip=\skip76
LaTeX Info: Redefining \setlength on input line 80.
LaTeX Info: Redefining \addtolength on input line 81.
\calc@Ccount=\count408
\calc@Cskip=\skip77
) (/usr/local/texlive/2023/texmf-dist/tex/latex/mathtools/mhsetup.sty
Package: mhsetup 2021/03/18 v1.4 programming setup (MH)
)
\g_MT_multlinerow_int=\count409
\l_MT_multwidth_dim=\dimen154
\origjot=\skip78
\l_MT_shortvdotswithinadjustabove_dim=\dimen155
\l_MT_shortvdotswithinadjustbelow_dim=\dimen156
\l_MT_above_intertext_sep=\dimen157
\l_MT_below_intertext_sep=\dimen158
\l_MT_above_shortintertext_sep=\dimen159
\l_MT_below_shortintertext_sep=\dimen160
\xmathstrut@box=\box54
\xmathstrut@dim=\dimen161
) (/usr/local/texlive/2023/texmf-dist/tex/generic/mleftright/mleftright.sty
Package: mleftright 2019/12/03 v1.2 Math left/right delim. as open/close (HO)
) (/usr/local/texlive/2023/texmf-dist/tex/latex/physics/physics.sty
Package: physics 
) (/usr/local/texlive/2023/texmf-dist/tex/latex/hyperref/hyperref.sty
Package: hyperref 2023-02-07 v7.00v Hypertext links for LaTeX
 (/usr/local/texlive/2023/texmf-dist/tex/generic/kvdefinekeys/kvdefinekeys.sty
Package: kvdefinekeys 2019-12-19 v1.6 Define keys (HO)
) (/usr/local/texlive/2023/texmf-dist/tex/generic/pdfescape/pdfescape.sty
Package: pdfescape 2019/12/09 v1.15 Implements pdfTeX's escape features (HO)
) (/usr/local/texlive/2023/texmf-dist/tex/latex/hycolor/hycolor.sty
Package: hycolor 2020-01-27 v1.10 Color options for hyperref/bookmark (HO)
) (/usr/local/texlive/2023/texmf-dist/tex/latex/letltxmacro/letltxmacro.sty
Package: letltxmacro 2019/12/03 v1.6 Let assignment for LaTeX macros (HO)
) (/usr/local/texlive/2023/texmf-dist/tex/latex/auxhook/auxhook.sty
Package: auxhook 2019-12-17 v1.6 Hooks for auxiliary files (HO)
) (/usr/local/texlive/2023/texmf-dist/tex/latex/hyperref/nameref.sty
Package: nameref 2022-05-17 v2.50 Cross-referencing by name of section
 (/usr/local/texlive/2023/texmf-dist/tex/latex/refcount/refcount.sty
Package: refcount 2019/12/15 v3.6 Data extraction from label references (HO)
) (/usr/local/texlive/2023/texmf-dist/tex/generic/gettitlestring/gettitlestring.sty
Package: gettitlestring 2019/12/15 v1.6 Cleanup title references (HO)
)
\c@section@level=\count410
)
\@linkdim=\dimen162
\Hy@linkcounter=\count411
\Hy@pagecounter=\count412
 (/usr/local/texlive/2023/texmf-dist/tex/latex/hyperref/pd1enc.def
File: pd1enc.def 2023-02-07 v7.00v Hyperref: PDFDocEncoding definition (HO)
Now handling font encoding PD1 ...
... no UTF-8 mapping file for font encoding PD1
) (/usr/local/texlive/2023/texmf-dist/tex/generic/intcalc/intcalc.sty
Package: intcalc 2019/12/15 v1.3 Expandable calculations with integers (HO)
) (/usr/local/texlive/2023/texmf-dist/tex/generic/etexcmds/etexcmds.sty
Package: etexcmds 2019/12/15 v1.7 Avoid name clashes with e-TeX commands (HO)
)
\Hy@SavedSpaceFactor=\count413
 (/usr/local/texlive/2023/texmf-dist/tex/latex/hyperref/puenc.def
File: puenc.def 2023-02-07 v7.00v Hyperref: PDF Unicode definition (HO)
Now handling font encoding PU ...
... no UTF-8 mapping file for font encoding PU
)
Package hyperref Info: Hyper figures OFF on input line 4177.
Package hyperref Info: Link nesting OFF on input line 4182.
Package hyperref Info: Hyper index ON on input line 4185.
Package hyperref Info: Plain pages OFF on input line 4192.
Package hyperref Info: Backreferencing OFF on input line 4197.
Package hyperref Info: Implicit mode ON; LaTeX internals redefined.
Package hyperref Info: Bookmarks ON on input line 4425.
\c@Hy@tempcnt=\count414
LaTeX Info: Redefining \url on input line 4763.
\XeTeXLinkMargin=\dimen163
 (/usr/local/texlive/2023/texmf-dist/tex/generic/bitset/bitset.sty
Package: bitset 2019/12/09 v1.3 Handle bit-vector datatype (HO)
 (/usr/local/texlive/2023/texmf-dist/tex/generic/bigintcalc/bigintcalc.sty
Package: bigintcalc 2019/12/15 v1.5 Expandable calculations on big integers (HO)
))
\Fld@menulength=\count415
\Field@Width=\dimen164
\Fld@charsize=\dimen165
Package hyperref Info: Hyper figures OFF on input line 6042.
Package hyperref Info: Link nesting OFF on input line 6047.
Package hyperref Info: Hyper index ON on input line 6050.
Package hyperref Info: backreferencing OFF on input line 6057.
Package hyperref Info: Link coloring OFF on input line 6062.
Package hyperref Info: Link coloring with OCG OFF on input line 6067.
Package hyperref Info: PDF/A mode OFF on input line 6072.
 (/usr/local/texlive/2023/texmf-dist/tex/latex/base/atbegshi-ltx.sty
Package: atbegshi-ltx 2021/01/10 v1.0c Emulation of the original atbegshi
package with kernel methods
)
\Hy@abspage=\count416
\c@Item=\count417
\c@Hfootnote=\count418
)
Package hyperref Info: Driver (autodetected): hpdftex.
 (/usr/local/texlive/2023/texmf-dist/tex/latex/hyperref/hpdftex.def
File: hpdftex.def 2023-02-07 v7.00v Hyperref driver for pdfTeX
 (/usr/local/texlive/2023/texmf-dist/tex/latex/base/atveryend-ltx.sty
Package: atveryend-ltx 2020/08/19 v1.0a Emulation of the original atveryend package
with kernel methods
)
\Fld@listcount=\count419
\c@bookmark@seq@number=\count420
 (/usr/local/texlive/2023/texmf-dist/tex/latex/rerunfilecheck/rerunfilecheck.sty
Package: rerunfilecheck 2022-07-10 v1.10 Rerun checks for auxiliary files (HO)
 (/usr/local/texlive/2023/texmf-dist/tex/generic/uniquecounter/uniquecounter.sty
Package: uniquecounter 2019/12/15 v1.4 Provide unlimited unique counter (HO)
)
Package uniquecounter Info: New unique counter `rerunfilecheck' on input line 285.
)
\Hy@SectionHShift=\skip79
) (/usr/local/texlive/2023/texmf-dist/tex/latex/tools/tabularx.sty
Package: tabularx 2020/01/15 v2.11c `tabularx' package (DPC)
 (/usr/local/texlive/2023/texmf-dist/tex/latex/tools/array.sty
Package: array 2022/09/04 v2.5g Tabular extension package (FMi)
\col@sep=\dimen166
\ar@mcellbox=\box55
\extrarowheight=\dimen167
\NC@list=\toks26
\extratabsurround=\skip80
\backup@length=\skip81
\ar@cellbox=\box56
)
\TX@col@width=\dimen168
\TX@old@table=\dimen169
\TX@old@col=\dimen170
\TX@target=\dimen171
\TX@delta=\dimen172
\TX@cols=\count421
\TX@ftn=\toks27
) (/usr/local/texlive/2023/texmf-dist/tex/latex/float/float.sty
Package: float 2001/11/08 v1.3d Float enhancements (AL)
\c@float@type=\count422
\float@exts=\toks28
\float@box=\box57
\@float@everytoks=\toks29
\@floatcapt=\box58
) (/usr/local/texlive/2023/texmf-dist/tex/latex/qcircuit/qcircuit.sty
Package: qcircuit 2018/08/14
 (/usr/local/texlive/2023/texmf-dist/tex/generic/xypic/xy.sty (/usr/local/texlive/2023/texmf-dist/tex/generic/xypic/xy.tex Bootstrap'ing: catcodes, docmode, (/usr/local/texlive/2023/texmf-dist/tex/generic/xypic/xyrecat.tex) (/usr/local/texlive/2023/texmf-dist/tex/generic/xypic/xyidioms.tex)

 Xy-pic version 3.8.9 <2013/10/06>
 Copyright (c) 1991-2013 by Kristoffer H. Rose <krisrose@tug.org> and others
 Xy-pic is free software: see the User's Guide for details.

Loading kernel: messages; fonts; allocations: state,
\X@c=\dimen173
\Y@c=\dimen174
\U@c=\dimen175
\D@c=\dimen176
\L@c=\dimen177
\R@c=\dimen178
\Edge@c=\toks30
\X@p=\dimen179
\Y@p=\dimen180
\U@p=\dimen181
\D@p=\dimen182
\L@p=\dimen183
\R@p=\dimen184
\Edge@p=\toks31
\X@origin=\dimen185
\Y@origin=\dimen186
\X@xbase=\dimen187
\Y@xbase=\dimen188
\X@ybase=\dimen189
\Y@ybase=\dimen190
\X@min=\dimen191
\Y@min=\dimen192
\X@max=\dimen193
\Y@max=\dimen194
\lastobjectbox@=\box59
\zerodotbox@=\box60
\almostz@=\dimen195
 direction,
\d@X=\dimen196
\d@Y=\dimen197
\K@=\count423
\KK@=\count424
\Direction=\count425
\K@dXdY=\dimen198
\K@dYdX=\dimen199
\xyread@=\read3
\xywrite@=\write4
\csp@=\count426
\quotPTK@=\dimen256
 utility macros; pictures: \xy, positions,
\swaptoks@@=\toks32
\connectobjectbox@@=\box61
 objects,
\styletoks@=\toks33
 decorations; kernel objects: directionals, circles, text; options; algorithms: directions, edges, connections;  Xy-pic loaded) (/usr/local/texlive/2023/texmf-dist/tex/generic/iftex/ifpdf.sty
Package: ifpdf 2019/10/25 v3.4 ifpdf legacy package. Use iftex instead.
)
Package: xy 2013/10/06 Xy-pic version 3.8.9
 (/usr/local/texlive/2023/texmf-dist/tex/generic/xypic/xypdf.tex  Xy-pic option: PDF driver v.1.7 loaded)) (/usr/local/texlive/2023/texmf-dist/tex/generic/xypic/xymatrix.tex  Xy-pic option: Matrix feature v.3.14
\Row=\count427
\Col=\count428
\queue@=\toks34
\queue@@=\toks35
\qcount@=\count429
\qcount@@=\count430
\matrixsize@=\count431
 loaded) (/usr/local/texlive/2023/texmf-dist/tex/generic/xypic/xyframe.tex  Xy-pic option: Frame and Bracket extension v.3.14 loaded) Xy-pic pdf driver: `frame' extension support (/usr/local/texlive/2023/texmf-dist/tex/generic/xypic/xypdf-fr.tex (/usr/local/texlive/2023/texmf-dist/tex/generic/xypic/xycurve.tex  Xy-pic option: Curve and Spline extension v.3.12 curve,
\crv@cnt@=\count432
\crvpts@=\toks36
\splinebox@=\box62
\splineval@=\dimen257
\splinedepth@=\dimen258
\splinetol@=\dimen259
\splinelength@=\dimen260
 circles,
\L@=\dimen261
 loaded) Xy-pic pdf driver: `curve' extension support (/usr/local/texlive/2023/texmf-dist/tex/generic/xypic/xypdf-cu.tex loaded) loaded) (/usr/local/texlive/2023/texmf-dist/tex/generic/xypic/xyarrow.tex  Xy-pic option: Arrow and Path feature v.3.9 path, \ar, loaded) (/usr/local/texlive/2023/texmf-dist/tex/generic/xypic/xyarc.tex  Xy-pic option: Circle, Ellipse, Arc feature v.3.8 circles, ellipses, elliptical arcs, loaded))) (/usr/local/texlive/2023/texmf-dist/tex/latex/geometry/geometry.sty
Package: geometry 2020/01/02 v5.9 Page Geometry
 (/usr/local/texlive/2023/texmf-dist/tex/generic/iftex/ifvtex.sty
Package: ifvtex 2019/10/25 v1.7 ifvtex legacy package. Use iftex instead.
)
\Gm@cnth=\count433
\Gm@cntv=\count434
\c@Gm@tempcnt=\count435
\Gm@bindingoffset=\dimen262
\Gm@wd@mp=\dimen263
\Gm@odd@mp=\dimen264
\Gm@even@mp=\dimen265
\Gm@layoutwidth=\dimen266
\Gm@layoutheight=\dimen267
\Gm@layouthoffset=\dimen268
\Gm@layoutvoffset=\dimen269
\Gm@dimlist=\toks37
)
Package csquotes Info: Checking for multilingual support...
Package csquotes Info: ... none found.
 (./main.aux)
\openout1 = `main.aux'.

LaTeX Font Info:    Checking defaults for OML/cmm/m/it on input line 6.
LaTeX Font Info:    ... okay on input line 6.
LaTeX Font Info:    Checking defaults for OMS/cmsy/m/n on input line 6.
LaTeX Font Info:    ... okay on input line 6.
LaTeX Font Info:    Checking defaults for OT1/cmr/m/n on input line 6.
LaTeX Font Info:    ... okay on input line 6.
LaTeX Font Info:    Checking defaults for T1/cmr/m/n on input line 6.
LaTeX Font Info:    ... okay on input line 6.
LaTeX Font Info:    Checking defaults for TS1/cmr/m/n on input line 6.
LaTeX Font Info:    ... okay on input line 6.
LaTeX Font Info:    Checking defaults for OMX/cmex/m/n on input line 6.
LaTeX Font Info:    ... okay on input line 6.
LaTeX Font Info:    Checking defaults for U/cmr/m/n on input line 6.
LaTeX Font Info:    ... okay on input line 6.
LaTeX Font Info:    Checking defaults for PD1/pdf/m/n on input line 6.
LaTeX Font Info:    ... okay on input line 6.
LaTeX Font Info:    Checking defaults for PU/pdf/m/n on input line 6.
LaTeX Font Info:    ... okay on input line 6.
 (/usr/local/texlive/2023/texmf-dist/tex/context/base/mkii/supp-pdf.mkii
[Loading MPS to PDF converter (version 2006.09.02).]
\scratchcounter=\count436
\scratchdimen=\dimen270
\scratchbox=\box63
\nofMPsegments=\count437
\nofMParguments=\count438
\everyMPshowfont=\toks38
\MPscratchCnt=\count439
\MPscratchDim=\dimen271
\MPnumerator=\count440
\makeMPintoPDFobject=\count441
\everyMPtoPDFconversion=\toks39
) (/usr/local/texlive/2023/texmf-dist/tex/latex/epstopdf-pkg/epstopdf-base.sty
Package: epstopdf-base 2020-01-24 v2.11 Base part for package epstopdf
Package epstopdf-base Info: Redefining graphics rule for `.eps' on input line 485.
 (/usr/local/texlive/2023/texmf-dist/tex/latex/latexconfig/epstopdf-sys.cfg
File: epstopdf-sys.cfg 2010/07/13 v1.3 Configuration of (r)epstopdf for TeX Live
))
Package biblatex Info: Trying to load language 'english'...
Package biblatex Info: ... file 'english.lbx' found.
 (/usr/local/texlive/2023/texmf-dist/tex/latex/biblatex/lbx/english.lbx
File: english.lbx 2023/03/05 v3.19 biblatex localization (PK/MW)
)
Package biblatex Info: Input encoding 'utf8' detected.
Package biblatex Info: Automatic encoding selection.
(biblatex)             Assuming data encoding 'utf8'.
\openout3 = `main.bcf'.

Package biblatex Info: Trying to load bibliographic data...
Package biblatex Info: ... file 'main.bbl' found.
 (./main.bbl)
Package biblatex Info: Reference section=0 on input line 6.
Package biblatex Info: Reference segment=0 on input line 6.
Package hyperref Info: Link coloring OFF on input line 6.
 (./main.out) (./main.out)
\@outlinefile=\write5
\openout5 = `main.out'.

LaTeX Font Info:    Trying to load font information for U+msa on input line 6.
 (/usr/local/texlive/2023/texmf-dist/tex/latex/amsfonts/umsa.fd
File: umsa.fd 2013/01/14 v3.01 AMS symbols A
)
LaTeX Font Info:    Trying to load font information for U+msb on input line 6.
 (/usr/local/texlive/2023/texmf-dist/tex/latex/amsfonts/umsb.fd
File: umsb.fd 2013/01/14 v3.01 AMS symbols B
)
Package xypdf Info: Line width: 0.47998pt on input line 6.

*geometry* driver: auto-detecting
*geometry* detected driver: pdftex
*geometry* verbose mode - [ preamble ] result:
* driver: pdftex
* paper: a4paper
* layout: <same size as paper>
* layoutoffset:(h,v)=(0.0pt,0.0pt)
* modes: 
* h-part:(L,W,R)=(85.35826pt, 426.79135pt, 85.35826pt)
* v-part:(T,H,B)=(85.35826pt, 674.33032pt, 85.35826pt)
* \paperwidth=597.50787pt
* \paperheight=845.04684pt
* \textwidth=426.79135pt
* \textheight=674.33032pt
* \oddsidemargin=13.08827pt
* \evensidemargin=13.08827pt
* \topmargin=-23.91173pt
* \headheight=12.0pt
* \headsep=25.0pt
* \topskip=12.0pt
* \footskip=30.0pt
* \marginparwidth=35.0pt
* \marginparsep=10.0pt
* \columnsep=10.0pt
* \skip\footins=10.8pt plus 4.0pt minus 2.0pt
* \hoffset=0.0pt
* \voffset=0.0pt
* \mag=1000
* \@twocolumnfalse
* \@twosidefalse
* \@mparswitchfalse
* \@reversemarginfalse
* (1in=72.27pt=25.4mm, 1cm=28.453pt)

(./titlepage.tex
<figures/UniTO Logo nuovo.png, id=261, 93.01416pt x 94.01791pt>
File: figures/UniTO Logo nuovo.png Graphic file (type png)
<use figures/UniTO Logo nuovo.png>
Package pdftex.def Info: figures/UniTO Logo nuovo.png  used on input line 4.
(pdftex.def)             Requested size: 170.71393pt x 172.58186pt.
 [1

{/usr/local/texlive/2023/texmf-var/fonts/map/pdftex/updmap/pdftex.map} <./figures/UniTO Logo nuovo.png>]) (./dedication.tex
pdfTeX warning (ext4): destination with the same identifier (name{page.1}) has been already used, duplicate ignored
<to be read again> 
                   \relax 
l.17 \end{dedication}
                      [1

]) (./main.toc [2


])
\tf@toc=\write6
\openout6 = `main.toc'.

 (./chapters/Introduction.tex [3]) (./chapters/1-Quantum computational chemistry.tex
Underfull \hbox (badness 10000) in paragraph at lines 4--1

 []


Underfull \hbox (badness 10000) in paragraph at lines 4--1

 []

[4

] [5]
Chapter 1.
<figures/Atomic orbitals.jpg, id=366, 676.02562pt x 523.20468pt>
File: figures/Atomic orbitals.jpg Graphic file (type jpg)
<use figures/Atomic orbitals.jpg>
Package pdftex.def Info: figures/Atomic orbitals.jpg  used on input line 23.
(pdftex.def)             Requested size: 298.75264pt x 231.22467pt.
[6

]
Underfull \hbox (badness 10000) in paragraph at lines 34--40

 []

[7
pdfTeX warning (ext4): destination with the same identifier (name{figure.1.1}) has been already used, duplicate ignored
<argument> ...shipout:D \box_use:N \l_shipout_box 
                                                  \__shipout_drop_firstpage_...
l.43   \begin{equation}
                        <./figures/Atomic orbitals.jpg>]
<figures/Potential_Energy_Surface_for_Water.png, id=397, 481.8pt x 306.39468pt>
File: figures/Potential_Energy_Surface_for_Water.png Graphic file (type png)
<use figures/Potential_Energy_Surface_for_Water.png>
Package pdftex.def Info: figures/Potential_Energy_Surface_for_Water.png  used on input line 62.
(pdftex.def)             Requested size: 277.41176pt x 176.41869pt.
 [8
pdfTeX warning (ext4): destination with the same identifier (name{figure.1.2}) has been already used, duplicate ignored
<argument> ...shipout:D \box_use:N \l_shipout_box 
                                                  \__shipout_drop_firstpage_...
l.68 
      <./figures/Potential_Energy_Surface_for_Water.png>] [9{/usr/local/texlive/2023/texmf-dist/fonts/enc/dvips/cm-super/cm-super-ts1.enc}]
Overfull \hbox (9.52074pt too wide) in paragraph at lines 88--90
\OT1/cmr/m/n/12 The the-o-ret-i-cal goal is to com-pute the eigen-states of the nu-clear Schr^^?odinger
 []

[10]
Underfull \hbox (badness 10000) in paragraph at lines 107--109

 []

[11] [12]
<figures/Flowchart for the HF SCF method.png, id=448, 709.14937pt x 1154.06157pt>
File: figures/Flowchart for the HF SCF method.png Graphic file (type png)
<use figures/Flowchart for the HF SCF method.png>
Package pdftex.def Info: figures/Flowchart for the HF SCF method.png  used on input line 158.
(pdftex.def)             Requested size: 170.71393pt x 277.80807pt.
 [13
pdfTeX warning (ext4): destination with the same identifier (name{figure.1.3}) has been already used, duplicate ignored
<argument> ...shipout:D \box_use:N \l_shipout_box 
                                                  \__shipout_drop_firstpage_...
l.173 \end{equation}
                     <./figures/Flowchart for the HF SCF method.png>]
Underfull \hbox (badness 10000) in paragraph at lines 178--184

 []


Underfull \hbox (badness 10000) in paragraph at lines 194--206

 []


Underfull \hbox (badness 10000) in paragraph at lines 194--206

 []

[14]
Underfull \hbox (badness 10000) in paragraph at lines 208--213

 []


Underfull \hbox (badness 10000) in paragraph at lines 217--224

 []

[15]
Underfull \hbox (badness 10000) in paragraph at lines 245--251

 []


Underfull \hbox (badness 10000) in paragraph at lines 262--270

 []

[16]
Overfull \hbox (11.94756pt too wide) detected at line 275
[][][] [] 
 []

<figures/Accuracy vs precision.jpg, id=496, 1509.38907pt x 1006.51031pt>
File: figures/Accuracy vs precision.jpg Graphic file (type jpg)
<use figures/Accuracy vs precision.jpg>
Package pdftex.def Info: figures/Accuracy vs precision.jpg  used on input line 284.
(pdftex.def)             Requested size: 298.75264pt x 199.2098pt.
[17]
Underfull \hbox (badness 10000) in paragraph at lines 296--301

 []


Underfull \hbox (badness 10000) in paragraph at lines 296--301

 []

[18
pdfTeX warning (ext4): destination with the same identifier (name{figure.1.4}) has been already used, duplicate ignored
<argument> ...shipout:D \box_use:N \l_shipout_box 
                                                  \__shipout_drop_firstpage_...
l.301 \begin{equation}
                       <./figures/Accuracy vs precision.jpg>]
Underfull \hbox (badness 10000) in paragraph at lines 303--307

 []


Underfull \hbox (badness 10000) in paragraph at lines 313--317

 []

<figures/Simulation.png, id=513, 1152.55594pt x 363.60844pt>
File: figures/Simulation.png Graphic file (type png)
<use figures/Simulation.png>
Package pdftex.def Info: figures/Simulation.png  used on input line 331.
(pdftex.def)             Requested size: 405.45047pt x 127.90845pt.

Underfull \hbox (badness 10000) in paragraph at lines 323--337

 []

[19]) (./chapters/2-Density functional theory.tex [20
pdfTeX warning (ext4): destination with the same identifier (name{figure.1.5}) has been already used, duplicate ignored
<argument> ...shipout:D \box_use:N \l_shipout_box 
                                                  \__shipout_drop_firstpage_...
l.1 \chapter
            {Density functional theory} \label{Density functional theory} <./figures/Simulation.png>] [21]
Chapter 2.
[22

]
Underfull \hbox (badness 10000) in paragraph at lines 32--39

 []

[23]
Underfull \hbox (badness 10000) in paragraph at lines 65--70

 []

[24] [25]
<figures/KS method.png, id=591, 486.31688pt x 644.4075pt>
File: figures/KS method.png Graphic file (type png)
<use figures/KS method.png>
Package pdftex.def Info: figures/KS method.png  used on input line 131.
(pdftex.def)             Requested size: 320.0935pt x 424.15pt.
 [26] [27
pdfTeX warning (ext4): destination with the same identifier (name{figure.2.1}) has been already used, duplicate ignored
<argument> ...shipout:D \box_use:N \l_shipout_box 
                                                  \__shipout_drop_firstpage_...
l.141 \end{equation}
                     <./figures/KS method.png>]
Overfull \hbox (0.67366pt too wide) in paragraph at lines 154--155
[]\OT1/cmr/m/n/12 The Lieb{Oxford con-di-tion places an up-per bound for the ex-change{correlation
 []


Underfull \hbox (badness 10000) in paragraph at lines 161--168

 []

[28] [29]
Underfull \hbox (badness 10000) in paragraph at lines 181--186

 []

<figures/Adiabatic connection method.png, id=639, 715.17188pt x 496.10344pt>
File: figures/Adiabatic connection method.png Graphic file (type png)
<use figures/Adiabatic connection method.png>
Package pdftex.def Info: figures/Adiabatic connection method.png  used on input line 192.
(pdftex.def)             Requested size: 320.0935pt x 222.04086pt.

Overfull \hbox (6.65189pt too wide) in paragraph at lines 188--198
\OT1/cmr/m/n/12 ting im-me-di-ately on top of the first; the sec-ond rect-an-gle has area $\OMS/cmsy/m/n/12 h\OT1/cmr/m/n/12 	(1)\OMS/cmsy/m/n/12 j\OML/cmm/m/it/12 V[]\OT1/cmr/m/n/12 (1)\OMS/cmsy/m/n/12 j\OT1/cmr/m/n/12 	(1)\OMS/cmsy/m/n/12 i ^^@
 []

[30
pdfTeX warning (ext4): destination with the same identifier (name{figure.2.2}) has been already used, duplicate ignored
<argument> ...shipout:D \box_use:N \l_shipout_box 
                                                  \__shipout_drop_firstpage_...
l.198 \begin{equation}
                       <./figures/Adiabatic connection method.png>]
Underfull \hbox (badness 10000) in paragraph at lines 211--219

 []


Underfull \hbox (badness 10000) in paragraph at lines 211--219

 []

[31]
Underfull \hbox (badness 10000) in paragraph at lines 225--235

 []


Underfull \hbox (badness 10000) in paragraph at lines 225--235

 []

[32]
<figures/Comparison DFT.png, id=668, 651.93562pt x 465.23813pt>
File: figures/Comparison DFT.png Graphic file (type png)
<use figures/Comparison DFT.png>
Package pdftex.def Info: figures/Comparison DFT.png  used on input line 242.
(pdftex.def)             Requested size: 320.0935pt x 228.4301pt.
<figures/Limitations of classical quantum simulations - Copia.png, id=669, 370.71834pt x 204.765pt>
File: figures/Limitations of classical quantum simulations - Copia.png Graphic file (type png)
<use figures/Limitations of classical quantum simulations - Copia.png>
Package pdftex.def Info: figures/Limitations of classical quantum simulations - Copia.png  used on input line 248.
(pdftex.def)             Requested size: 426.79135pt x 235.75285pt.
) (./chapters/3-Quantum computing.tex [33] [34
pdfTeX warning (ext4): destination with the same identifier (name{figure.2.3}) has been already used, duplicate ignored
<argument> ...shipout:D \box_use:N \l_shipout_box 
                                                  \__shipout_drop_firstpage_...
l.1 \chapter
            {Quantum computing} \label{Quantum computing} <./figures/Comparison DFT.png>] [35
pdfTeX warning (ext4): destination with the same identifier (name{figure.2.4}) has been already used, duplicate ignored
<argument> ...shipout:D \box_use:N \l_shipout_box 
                                                  \__shipout_drop_firstpage_...
l.1 \chapter
            {Quantum computing} \label{Quantum computing} <./figures/Limitations of classical quantum simulations - Copia.png>]
Chapter 3.

Underfull \hbox (badness 10000) in paragraph at lines 4--13

 []


Underfull \hbox (badness 10000) in paragraph at lines 4--13

 []


Underfull \hbox (badness 10000) in paragraph at lines 4--13

 []

[36

]
Underfull \hbox (badness 10000) in paragraph at lines 21--40

 []


Underfull \hbox (badness 10000) in paragraph at lines 21--40

 []


Underfull \hbox (badness 10000) in paragraph at lines 21--40

 []


Underfull \hbox (badness 10000) in paragraph at lines 21--40

 []

[37] [38]
LaTeX Font Info:    Trying to load font information for U+bbold on input line 47.
 (/usr/local/texlive/2023/texmf-dist/tex/latex/bbold/Ubbold.fd)
<figures/Bloch sphere.png, id=706, 1454.43375pt x 1237.62375pt>
File: figures/Bloch sphere.png Graphic file (type png)
<use figures/Bloch sphere.png>
Package pdftex.def Info: figures/Bloch sphere.png  used on input line 54.
(pdftex.def)             Requested size: 234.73654pt x 199.74234pt.
 [39] [40
pdfTeX warning (ext4): destination with the same identifier (name{figure.3.1}) has been already used, duplicate ignored
<argument> ...shipout:D \box_use:N \l_shipout_box 
                                                  \__shipout_drop_firstpage_...
l.81 
      <./figures/Bloch sphere.png>]
Underfull \hbox (badness 10000) in paragraph at lines 83--89

 []

[41] [42] [43]
<figures/Quantum_Logic_Gates.png, id=762, 376.40625pt x 739.26187pt>
File: figures/Quantum_Logic_Gates.png Graphic file (type png)
<use figures/Quantum_Logic_Gates.png>
Package pdftex.def Info: figures/Quantum_Logic_Gates.png  used on input line 237.
(pdftex.def)             Requested size: 192.0548pt x 377.21033pt.
 [44
pdfTeX warning (ext4): destination with the same identifier (name{figure.3.2}) has been already used, duplicate ignored
<argument> ...shipout:D \box_use:N \l_shipout_box 
                                                  \__shipout_drop_firstpage_...
l.247 \begin{equation}
                       <./figures/Quantum_Logic_Gates.png>]
<figures/Measurement.png, id=771, 1927.2pt x 693.59125pt>
File: figures/Measurement.png Graphic file (type png)
<use figures/Measurement.png>
Package pdftex.def Info: figures/Measurement.png  used on input line 256.
(pdftex.def)             Requested size: 128.0387pt x 46.07983pt.

Underfull \hbox (badness 10000) in paragraph at lines 263--271

 []

[45
pdfTeX warning (ext4): destination with the same identifier (name{figure.3.3}) has been already used, duplicate ignored
<argument> ...shipout:D \box_use:N \l_shipout_box 
                                                  \__shipout_drop_firstpage_...
l.271 \begin{equation}
                       <./figures/Measurement.png>]
Underfull \hbox (badness 10000) in paragraph at lines 284--287

 []


Underfull \hbox (badness 10000) in paragraph at lines 289--292

 []

[46]
Underfull \hbox (badness 10000) in paragraph at lines 294--298

 []


Underfull \hbox (badness 10000) in paragraph at lines 301--306

 []


Underfull \hbox (badness 10000) in paragraph at lines 308--316

 []

[47] [48]
<figures/QFT circuit 1.png, id=804, 1324.19719pt x 264.99pt>
File: figures/QFT circuit 1.png Graphic file (type png)
<use figures/QFT circuit 1.png>
Package pdftex.def Info: figures/QFT circuit 1.png  used on input line 349.
(pdftex.def)             Requested size: 426.79135pt x 85.40504pt.

Underfull \hbox (badness 10000) in paragraph at lines 345--357

 []

[49]
Underfull \hbox (badness 10000) in paragraph at lines 359--362

 []

[50
pdfTeX warning (ext4): destination with the same identifier (name{figure.3.4}) has been already used, duplicate ignored
<argument> ...shipout:D \box_use:N \l_shipout_box 
                                                  \__shipout_drop_firstpage_...
l.362 \begin{itemize}
                      <./figures/QFT circuit 1.png>] [51]
<figures/Core qubit technologies.jpg, id=827, 505.13719pt x 265.74281pt>
File: figures/Core qubit technologies.jpg Graphic file (type jpg)
<use figures/Core qubit technologies.jpg>
Package pdftex.def Info: figures/Core qubit technologies.jpg  used on input line 383.
(pdftex.def)             Requested size: 426.79135pt x 224.5281pt.

Underfull \hbox (badness 10000) in paragraph at lines 392--402

 []

[52
pdfTeX warning (ext4): destination with the same identifier (name{figure.3.5}) has been already used, duplicate ignored
<argument> ...shipout:D \box_use:N \l_shipout_box 
                                                  \__shipout_drop_firstpage_...
l.402 
       <./figures/Core qubit technologies.jpg>]
Underfull \hbox (badness 10000) in paragraph at lines 404--413

 []


Underfull \hbox (badness 10000) in paragraph at lines 404--413

 []

[53]
Underfull \hbox (badness 10000) in paragraph at lines 415--428

 []


Underfull \hbox (badness 10000) in paragraph at lines 415--428

 []


Overfull \hbox (12.5416pt too wide) in paragraph at lines 415--428
\OT1/cmr/m/n/12 Measurements are made with a su-per-con-duct-ing quan-tum in-ter-fer-ence de-vice (SQUID).
 []

[54] [55]
<figures/Advantages trapped ions vs superconducting.png, id=860, 1130.2225pt x 327.2225pt>
File: figures/Advantages trapped ions vs superconducting.png Graphic file (type png)
<use figures/Advantages trapped ions vs superconducting.png>
Package pdftex.def Info: figures/Advantages trapped ions vs superconducting.png  used on input line 439.
(pdftex.def)             Requested size: 384.1096pt x 111.20424pt.
<figures/Disadvantages trapped ions vs superconducting.png, id=861, 849.1725pt x 195.73125pt>
File: figures/Disadvantages trapped ions vs superconducting.png Graphic file (type png)
<use figures/Disadvantages trapped ions vs superconducting.png>
Package pdftex.def Info: figures/Disadvantages trapped ions vs superconducting.png  used on input line 444.
(pdftex.def)             Requested size: 384.1096pt x 88.53519pt.
) (./chapters/4-Quantum computing for computational chemistry - FTQC devices.tex
Underfull \hbox (badness 10000) in paragraph at lines 430--1

 []

[56
pdfTeX warning (ext4): destination with the same identifier (name{figure.3.6}) has been already used, duplicate ignored
<argument> ...shipout:D \box_use:N \l_shipout_box 
                                                  \__shipout_drop_firstpage_...
l.1 \chapter
            {Quantum computing for computational chemistry: FTQC devices} \l... <./figures/Advantages trapped ions vs superconducting.png (PNG copy)>] [57
pdfTeX warning (ext4): destination with the same identifier (name{figure.3.7}) has been already used, duplicate ignored
<argument> ...shipout:D \box_use:N \l_shipout_box 
                                                  \__shipout_drop_firstpage_...
l.1 \chapter
            {Quantum computing for computational chemistry: FTQC devices} \l... <./figures/Disadvantages trapped ions vs superconducting.png>]
Chapter 4.

Underfull \hbox (badness 10000) in paragraph at lines 4--14

 []

[58

] [59]
Underfull \hbox (badness 10000) in paragraph at lines 39--47

 []


Underfull \hbox (badness 10000) in paragraph at lines 39--47

 []

[60]
Underfull \hbox (badness 10000) in paragraph at lines 74--78

 []

[61]
<figures/Phase estimation circuit.png, id=914, 900.36375pt x 439.6425pt>
File: figures/Phase estimation circuit.png Graphic file (type png)
<use figures/Phase estimation circuit.png>
Package pdftex.def Info: figures/Phase estimation circuit.png  used on input line 110.
(pdftex.def)             Requested size: 405.45047pt x 197.97816pt.

Underfull \hbox (badness 10000) in paragraph at lines 116--121

 []

[62] [63
pdfTeX warning (ext4): destination with the same identifier (name{figure.4.1}) has been already used, duplicate ignored
<argument> ...shipout:D \box_use:N \l_shipout_box 
                                                  \__shipout_drop_firstpage_...
l.126 \begin{equation}
                       <./figures/Phase estimation circuit.png>]
Underfull \hbox (badness 10000) in paragraph at lines 128--134

 []

[64]
Underfull \hbox (badness 10000) in paragraph at lines 150--153

 []

[65]
<figures/Aspuru-Guzik.jpeg, id=964, 1284.8pt x 1136.245pt>
File: figures/Aspuru-Guzik.jpeg Graphic file (type jpg)
<use figures/Aspuru-Guzik.jpeg>
Package pdftex.def Info: figures/Aspuru-Guzik.jpeg  used on input line 191.
(pdftex.def)             Requested size: 341.43437pt x 301.95303pt.
<figures/MoFe and FeMoco.png, id=968, 1292.57906pt x 415.5525pt>
File: figures/MoFe and FeMoco.png Graphic file (type png)
<use figures/MoFe and FeMoco.png>
Package pdftex.def Info: figures/MoFe and FeMoco.png  used on input line 203.
(pdftex.def)             Requested size: 426.79135pt x 137.20883pt.
<figures/FeMoco - table 1.png, id=971, 642.90187pt x 659.46375pt>
File: figures/FeMoco - table 1.png Graphic file (type png)
<use figures/FeMoco - table 1.png>
Package pdftex.def Info: figures/FeMoco - table 1.png  used on input line 217.
(pdftex.def)             Requested size: 277.41176pt x 284.56007pt.
<figures/FeMoco - table 2.png, id=974, 1218.05063pt x 522.45187pt>
File: figures/FeMoco - table 2.png Graphic file (type png)
<use figures/FeMoco - table 2.png>
Package pdftex.def Info: figures/FeMoco - table 2.png  used on input line 224.
(pdftex.def)             Requested size: 426.79135pt x 183.06018pt.
) (./chapters/5-Quantum computing for computational chemistry - NISQ devices.tex
Underfull \hbox (badness 10000) in paragraph at lines 185--1

 []


Underfull \hbox (badness 10000) in paragraph at lines 185--1

 []


Underfull \hbox (badness 10000) in paragraph at lines 185--1

 []

[66] [67
pdfTeX warning (ext4): destination with the same identifier (name{figure.4.2}) has been already used, duplicate ignored
<argument> ...shipout:D \box_use:N \l_shipout_box 
                                                  \__shipout_drop_firstpage_...
l.1 \chapter
            {Quantum computing for computational chemistry: NISQ devices} \l... <./figures/Aspuru-Guzik.jpeg>] [68
pdfTeX warning (ext4): destination with the same identifier (name{figure.4.3}) has been already used, duplicate ignored
<argument> ...shipout:D \box_use:N \l_shipout_box 
                                                  \__shipout_drop_firstpage_...
l.1 \chapter
            {Quantum computing for computational chemistry: NISQ devices} \l... <./figures/MoFe and FeMoco.png>] [69
pdfTeX warning (ext4): destination with the same identifier (name{figure.4.4}) has been already used, duplicate ignored
<argument> ...shipout:D \box_use:N \l_shipout_box 
                                                  \__shipout_drop_firstpage_...
l.1 \chapter
            {Quantum computing for computational chemistry: NISQ devices} \l... <./figures/FeMoco - table 1.png>] [70
pdfTeX warning (ext4): destination with the same identifier (name{figure.4.5}) has been already used, duplicate ignored
<argument> ...shipout:D \box_use:N \l_shipout_box 
                                                  \__shipout_drop_firstpage_...
l.1 \chapter
            {Quantum computing for computational chemistry: NISQ devices} \l... <./figures/FeMoco - table 2.png>]
Chapter 5.
<figures/NISQ.png, id=1009, 234.20833pt x 100.375pt>
File: figures/NISQ.png Graphic file (type png)
<use figures/NISQ.png>
Package pdftex.def Info: figures/NISQ.png  used on input line 9.
(pdftex.def)             Requested size: 426.79135pt x 182.92628pt.
[71

]
Underfull \hbox (badness 10000) in paragraph at lines 25--29

 []

[72
pdfTeX warning (ext4): destination with the same identifier (name{figure.5.1}) has been already used, duplicate ignored
<argument> ...shipout:D \box_use:N \l_shipout_box 
                                                  \__shipout_drop_firstpage_...
l.30     \item \textbf
                      {Hamiltonian construction and representation} \\ <./figures/NISQ.png>]
<figures/VQE scheme.png, id=1028, 1035.87pt x 569.12625pt>
File: figures/VQE scheme.png Graphic file (type png)
<use figures/VQE scheme.png>
Package pdftex.def Info: figures/VQE scheme.png  used on input line 54.
(pdftex.def)             Requested size: 426.79135pt x 234.48958pt.
 [73] [74
pdfTeX warning (ext4): destination with the same identifier (name{figure.5.2}) has been already used, duplicate ignored
<argument> ...shipout:D \box_use:N \l_shipout_box 
                                                  \__shipout_drop_firstpage_...
l.75 
      <./figures/VQE scheme.png>] [75]
<figures/Ternary tree.png, id=1060, 1145.02782pt x 339.51843pt>
File: figures/Ternary tree.png Graphic file (type png)
<use figures/Ternary tree.png>
Package pdftex.def Info: figures/Ternary tree.png  used on input line 131.
(pdftex.def)             Requested size: 341.43437pt x 101.2398pt.
 [76] [77
pdfTeX warning (ext4): destination with the same identifier (name{figure.5.3}) has been already used, duplicate ignored
<argument> ...shipout:D \box_use:N \l_shipout_box 
                                                  \__shipout_drop_firstpage_...
l.155 
       <./figures/Ternary tree.png>]
Overfull \hbox (2.0792pt too wide) in paragraph at lines 156--159
\OT1/cmr/m/n/12 Chemically in-spired ans^^?atze re-sult from adapt-ing clas-si-cal com-pu-ta-tional chem-
 []


Underfull \hbox (badness 10000) in paragraph at lines 168--177

 []

[78]
Underfull \hbox (badness 10000) in paragraph at lines 193--198

 []

[79] [80] [81]
<figures/Probabilistic error cancellation.png, id=1122, 1047.16219pt x 658.71094pt>
File: figures/Probabilistic error cancellation.png Graphic file (type png)
<use figures/Probabilistic error cancellation.png>
Package pdftex.def Info: figures/Probabilistic error cancellation.png  used on input line 263.
(pdftex.def)             Requested size: 256.07741pt x 161.07903pt.
 [82] [83
pdfTeX warning (ext4): destination with the same identifier (name{figure.5.4}) has been already used, duplicate ignored
<argument> ...shipout:D \box_use:N \l_shipout_box 
                                                  \__shipout_drop_firstpage_...
l.284     \begin{equation}
                           <./figures/Probabilistic error cancellation.png>] [84] [85] [86]
Underfull \hbox (badness 10000) in paragraph at lines 406--412

 []

[87]
Underfull \hbox (badness 10000) in paragraph at lines 414--418

 []

<figures/Organic molecules.png, id=1194, 615.80063pt x 596.2275pt>
File: figures/Organic molecules.png Graphic file (type png)
<use figures/Organic molecules.png>
Package pdftex.def Info: figures/Organic molecules.png  used on input line 423.
(pdftex.def)             Requested size: 234.73654pt x 227.26932pt.

Underfull \hbox (badness 10000) in paragraph at lines 420--431

 []

[88]
<figures/Values of K for QWC and basis rotation grouping.png, id=1207, 856.70062pt x 566.115pt>
File: figures/Values of K for QWC and basis rotation grouping.png Graphic file (type png)
<use figures/Values of K for QWC and basis rotation grouping.png>
Package pdftex.def Info: figures/Values of K for QWC and basis rotation grouping.png  used on input line 449.
(pdftex.def)             Requested size: 426.79135pt x 282.02885pt.

Underfull \hbox (badness 10000) in paragraph at lines 445--458

 []

[89
pdfTeX warning (ext4): destination with the same identifier (name{figure.5.5}) has been already used, duplicate ignored
<argument> ...shipout:D \box_use:N \l_shipout_box 
                                                  \__shipout_drop_firstpage_...
l.458 \begin{equation}
                       <./figures/Organic molecules.png>]
<figures/VQE scaling 1.png, id=1220, 1234.6125pt x 286.82156pt>
File: figures/VQE scaling 1.png Graphic file (type png)
<use figures/VQE scaling 1.png>
Package pdftex.def Info: figures/VQE scaling 1.png  used on input line 464.
(pdftex.def)             Requested size: 384.1096pt x 89.23325pt.
) (./chapters/6-Computational advantage.tex [90
pdfTeX warning (ext4): destination with the same identifier (name{figure.5.6}) has been already used, duplicate ignored
<argument> ...shipout:D \box_use:N \l_shipout_box 
                                                  \__shipout_drop_firstpage_...
l.1 \chapter
            {Computational advantage} \label{Computational advantage} <./figures/Values of K for QWC and basis rotation grouping.png>] [91
pdfTeX warning (ext4): destination with the same identifier (name{figure.5.7}) has been already used, duplicate ignored
<argument> ...shipout:D \box_use:N \l_shipout_box 
                                                  \__shipout_drop_firstpage_...
l.1 \chapter
            {Computational advantage} \label{Computational advantage} <./figures/VQE scaling 1.png>]
Chapter 6.
<figures/Benchmarking pyramid.png, id=1237, 1203.7472pt x 660.21657pt>
File: figures/Benchmarking pyramid.png Graphic file (type png)
<use figures/Benchmarking pyramid.png>
Package pdftex.def Info: figures/Benchmarking pyramid.png  used on input line 25.
(pdftex.def)             Requested size: 341.43437pt x 187.26707pt.

Underfull \hbox (badness 10000) in paragraph at lines 19--28

 []

[92

] [93
pdfTeX warning (ext4): destination with the same identifier (name{figure.6.1}) has been already used, duplicate ignored
<argument> ...shipout:D \box_use:N \l_shipout_box 
                                                  \__shipout_drop_firstpage_...
l.34 
      <./figures/Benchmarking pyramid.png>] [94] [95]
<figures/IBM Roadmap.png, id=1262, 607.068pt x 341.5962pt>
File: figures/IBM Roadmap.png Graphic file (type png)
<use figures/IBM Roadmap.png>
Package pdftex.def Info: figures/IBM Roadmap.png  used on input line 82.
(pdftex.def)             Requested size: 426.79135pt x 240.15295pt.
<figures/Google quantum roadmap.jpg, id=1263, 773.13844pt x 400.49625pt>
File: figures/Google quantum roadmap.jpg Graphic file (type jpg)
<use figures/Google quantum roadmap.jpg>
Package pdftex.def Info: figures/Google quantum roadmap.jpg  used on input line 87.
(pdftex.def)             Requested size: 426.79135pt x 221.08638pt.
<figures/Quantum computing roadmaps.jpg, id=1264, 542.40141pt x 272.89453pt>
File: figures/Quantum computing roadmaps.jpg Graphic file (type jpg)
<use figures/Quantum computing roadmaps.jpg>
Package pdftex.def Info: figures/Quantum computing roadmaps.jpg  used on input line 92.
(pdftex.def)             Requested size: 426.79135pt x 214.73483pt.

Underfull \hbox (badness 10000) in paragraph at lines 75--95

 []


Underfull \hbox (badness 10000) in paragraph at lines 99--113

 []


Underfull \hbox (badness 10000) in paragraph at lines 99--113

 []

[96] [97
pdfTeX warning (ext4): destination with the same identifier (name{figure.6.2}) has been already used, duplicate ignored
<argument> ...shipout:D \box_use:N \l_shipout_box 
                                                  \__shipout_drop_firstpage_...
l.113 
       <./figures/IBM Roadmap.png>]
Underfull \hbox (badness 10000) in paragraph at lines 115--119

 []

[98
pdfTeX warning (ext4): destination with the same identifier (name{figure.6.3}) has been already used, duplicate ignored
<argument> ...shipout:D \box_use:N \l_shipout_box 
                                                  \__shipout_drop_firstpage_...
l.119 \begin{enumerate}
                        <./figures/Google quantum roadmap.jpg>]
Underfull \hbox (badness 10000) in paragraph at lines 126--130

 []

[99
pdfTeX warning (ext4): destination with the same identifier (name{figure.6.4}) has been already used, duplicate ignored
<argument> ...shipout:D \box_use:N \l_shipout_box 
                                                  \__shipout_drop_firstpage_...
l.130 \begin{enumerate}
                        <./figures/Quantum computing roadmaps.jpg>]
Underfull \hbox (badness 10000) in paragraph at lines 139--155

 []


Underfull \hbox (badness 10000) in paragraph at lines 139--155

 []


Underfull \hbox (badness 10000) in paragraph at lines 139--155

 []

[100] [101] [102]
<figures/Experiments with quantum computers.png, id=1338, 969.6225pt x 663.98062pt>
File: figures/Experiments with quantum computers.png Graphic file (type png)
<use figures/Experiments with quantum computers.png>
Package pdftex.def Info: figures/Experiments with quantum computers.png  used on input line 184.
(pdftex.def)             Requested size: 405.45047pt x 277.64404pt.
<figures/Runtime chromium dimer.png, id=1344, 575.90157pt x 486.31688pt>
File: figures/Runtime chromium dimer.png Graphic file (type png)
<use figures/Runtime chromium dimer.png>
Package pdftex.def Info: figures/Runtime chromium dimer.png  used on input line 195.
(pdftex.def)             Requested size: 341.43437pt x 288.33438pt.
<figures/Resource estimates chromium dimer.png, id=1347, 755.82375pt x 459.96844pt>
File: figures/Resource estimates chromium dimer.png Graphic file (type png)
<use figures/Resource estimates chromium dimer.png>
Package pdftex.def Info: figures/Resource estimates chromium dimer.png  used on input line 200.
(pdftex.def)             Requested size: 298.75264pt x 181.80836pt.
<figures/Targets of simulation.png, id=1351, 904.1278pt x 593.96906pt>
File: figures/Targets of simulation.png Graphic file (type png)
<use figures/Targets of simulation.png>
Package pdftex.def Info: figures/Targets of simulation.png  used on input line 208.
(pdftex.def)             Requested size: 426.79135pt x 280.37996pt.
<figures/Extrapolated runtimes organic molecules.png, id=1357, 963.6pt x 651.18282pt>
File: figures/Extrapolated runtimes organic molecules.png Graphic file (type png)
<use figures/Extrapolated runtimes organic molecules.png>
Package pdftex.def Info: figures/Extrapolated runtimes organic molecules.png  used on input line 222.
(pdftex.def)             Requested size: 405.45047pt x 273.99173pt.
<figures/Chromium dimer VQE.png, id=1362, 1079.53313pt x 463.7325pt>
File: figures/Chromium dimer VQE.png Graphic file (type png)
<use figures/Chromium dimer VQE.png>
Package pdftex.def Info: figures/Chromium dimer VQE.png  used on input line 228.
(pdftex.def)             Requested size: 426.79135pt x 183.33861pt.

Underfull \hbox (badness 10000) in paragraph at lines 175--240

 []


Underfull \hbox (badness 10000) in paragraph at lines 175--240

 []


Underfull \hbox (badness 10000) in paragraph at lines 175--240

 []


Underfull \hbox (badness 10000) in paragraph at lines 175--240

 []


Underfull \hbox (badness 10000) in paragraph at lines 175--240

 []

[103] [104
pdfTeX warning (ext4): destination with the same identifier (name{figure.6.5}) has been already used, duplicate ignored
<argument> ...shipout:D \box_use:N \l_shipout_box 
                                                  \__shipout_drop_firstpage_...
l.240 
       <./figures/Experiments with quantum computers.png>] [105
pdfTeX warning (ext4): destination with the same identifier (name{figure.6.6}) has been already used, duplicate ignored
<argument> ...shipout:D \box_use:N \l_shipout_box 
                                                  \__shipout_drop_firstpage_...
l.240 
       <./figures/Runtime chromium dimer.png>] [106
pdfTeX warning (ext4): destination with the same identifier (name{figure.6.7}) has been already used, duplicate ignored
<argument> ...shipout:D \box_use:N \l_shipout_box 
                                                  \__shipout_drop_firstpage_...
l.240 
       <./figures/Resource estimates chromium dimer.png>] [107
pdfTeX warning (ext4): destination with the same identifier (name{figure.6.8}) has been already used, duplicate ignored
<argument> ...shipout:D \box_use:N \l_shipout_box 
                                                  \__shipout_drop_firstpage_...
l.240 
       <./figures/Targets of simulation.png>] [108
pdfTeX warning (ext4): destination with the same identifier (name{figure.6.9}) has been already used, duplicate ignored
<argument> ...shipout:D \box_use:N \l_shipout_box 
                                                  \__shipout_drop_firstpage_...
l.240 
       <./figures/Extrapolated runtimes organic molecules.png>] [109
pdfTeX warning (ext4): destination with the same identifier (name{figure.6.10}) has been already used, duplicate ignored
<argument> ...shipout:D \box_use:N \l_shipout_box 
                                                  \__shipout_drop_firstpage_...
l.240 
       <./figures/Chromium dimer VQE.png>]
<figures/Quantum embedding theory.png, id=1415, 1368.61313pt x 378.66469pt>
File: figures/Quantum embedding theory.png Graphic file (type png)
<use figures/Quantum embedding theory.png>
Package pdftex.def Info: figures/Quantum embedding theory.png  used on input line 251.
(pdftex.def)             Requested size: 405.45047pt x 112.1789pt.

Underfull \hbox (badness 10000) in paragraph at lines 245--256

 []


Overfull \hbox (4.75555pt too wide) in paragraph at lines 245--256
\OT1/cmr/m/n/12 which is scal-able to large sys-tems and which in-cludes the ef-fect of exchange-correlation
 []

[110
pdfTeX warning (ext4): destination with the same identifier (name{figure.6.11}) has been already used, duplicate ignored
<argument> ...shipout:D \box_use:N \l_shipout_box 
                                                  \__shipout_drop_firstpage_...
l.258 \end{equation}
                     <./figures/Quantum embedding theory.png>]
Underfull \hbox (badness 10000) in paragraph at lines 266--272

 []

[111]
<figures/Qubit layout Fermi-Hubbard.png, id=1437, 1355.0625pt x 339.51843pt>
File: figures/Qubit layout Fermi-Hubbard.png Graphic file (type png)
<use figures/Qubit layout Fermi-Hubbard.png>
Package pdftex.def Info: figures/Qubit layout Fermi-Hubbard.png  used on input line 280.
(pdftex.def)             Requested size: 426.79135pt x 106.93332pt.
) (./chapters/Conclusion.tex [112
pdfTeX warning (ext4): destination with the same identifier (name{figure.6.12}) has been already used, duplicate ignored
<argument> ...shipout:D \box_use:N \l_shipout_box 
                                                  \__shipout_drop_firstpage_...
l.1 \chapter
            *{Conclusion} \label{Conclusion} <./figures/Qubit layout Fermi-Hubbard.png>]) (./chapters/Acknowledgments.tex
Underfull \hbox (badness 10000) in paragraph at lines 4--1

 []


Underfull \hbox (badness 10000) in paragraph at lines 4--1

 []

[113

]) [114

] [115

]
Overfull \hbox (12.48885pt too wide) in paragraph at lines 28--28
\OT1/cmr/m/it/12 Phys. \OT1/cmr/m/n/12 21.6 (June 1982), pp. 467{488. \OT1/cmr/m/sc/12 issn\OT1/cmr/m/n/12 : 1572-9575. \OT1/cmr/m/sc/12 doi\OT1/cmr/m/n/12 : []$\OT1/cmtt/m/n/12 10 . 1007 / BF02650179$[]\OT1/cmr/m/n/12 . 
 []

[116]
Overfull \hbox (11.62675pt too wide) in paragraph at lines 28--28
[]\OT1/cmr/m/n/12 M. Van den Nest. \  Clas-si-cal sim-u-la-tion of quan-tum com-pu-ta-tion, the Gottesman-
 []


Overfull \hbox (42.13136pt too wide) in paragraph at lines 28--28
\OT1/cmr/m/n/12 quan-tum eigen-solver". In: \OT1/cmr/m/it/12 eSchol-ar-ship@McGill \OT1/cmr/m/n/12 (2020). \OT1/cmr/m/sc/12 url\OT1/cmr/m/n/12 : []$\OT1/cmtt/m/n/12 https : / / escholarship .
 []

[117] [118] (./main.aux)
Package rerunfilecheck Info: File `main.out' has not changed.
(rerunfilecheck)             Checksum: 3489290E5A0147EE32FEEC1A2B3BFCF5;10908.
Package logreq Info: Writing requests to 'main.run.xml'.
\openout1 = `main.run.xml'.

 ) 
Here is how much of TeX's memory you used:
 23122 strings out of 476025
 395055 string characters out of 5790018
 1878388 words of memory out of 5000000
 42690 multiletter control sequences out of 15000+600000
 522861 words of font info for 73 fonts, out of 8000000 for 9000
 1141 hyphenation exceptions out of 8191
 69i,17n,71p,1690b,1524s stack positions out of 10000i,1000n,20000p,200000b,200000s
</usr/local/texlive/2023/texmf-dist/fonts/type1/public/bbold-type1/bbold10.pfb></usr/local/texlive/2023/texmf-dist/fonts/type1/public/amsfonts/cm/cmbx12.pfb></usr/local/texlive/2023/texmf-dist/fonts/type1/public/amsfonts/cm/cmbx8.pfb></usr/local/texlive/2023/texmf-dist/fonts/type1/public/amsfonts/cm/cmcsc10.pfb></usr/local/texlive/2023/texmf-dist/fonts/type1/public/amsfonts/cm/cmex10.pfb></usr/local/texlive/2023/texmf-dist/fonts/type1/public/amsfonts/cmextra/cmex8.pfb></usr/local/texlive/2023/texmf-dist/fonts/type1/public/amsfonts/cm/cmmi12.pfb></usr/local/texlive/2023/texmf-dist/fonts/type1/public/amsfonts/cm/cmmi6.pfb></usr/local/texlive/2023/texmf-dist/fonts/type1/public/amsfonts/cm/cmmi8.pfb></usr/local/texlive/2023/texmf-dist/fonts/type1/public/amsfonts/cm/cmr12.pfb></usr/local/texlive/2023/texmf-dist/fonts/type1/public/amsfonts/cm/cmr6.pfb></usr/local/texlive/2023/texmf-dist/fonts/type1/public/amsfonts/cm/cmr8.pfb></usr/local/texlive/2023/texmf-dist/fonts/type1/public/amsfonts/cm/cmsy10.pfb></usr/local/texlive/2023/texmf-dist/fonts/type1/public/amsfonts/cm/cmsy6.pfb></usr/local/texlive/2023/texmf-dist/fonts/type1/public/amsfonts/cm/cmsy8.pfb></usr/local/texlive/2023/texmf-dist/fonts/type1/public/amsfonts/cm/cmti12.pfb></usr/local/texlive/2023/texmf-dist/fonts/type1/public/amsfonts/cm/cmtt12.pfb></usr/local/texlive/2023/texmf-dist/fonts/type1/public/amsfonts/symbols/msam10.pfb></usr/local/texlive/2023/texmf-dist/fonts/type1/public/amsfonts/symbols/msbm10.pfb></usr/local/texlive/2023/texmf-dist/fonts/type1/public/amsfonts/symbols/msbm7.pfb></usr/local/texlive/2023/texmf-dist/fonts/type1/public/cm-super/sfrm1200.pfb>
Output written on main.pdf (119 pages, 6417715 bytes).
PDF statistics:
 1772 PDF objects out of 2073 (max. 8388607)
 1507 compressed objects within 16 object streams
 523 named destinations out of 1000 (max. 500000)
 718 words of extra memory for PDF output out of 10000 (max. 10000000)

